0 info it worked if it ends with ok
1 verbose cli [ 'C:\\Program Files\\nodejs\\node.exe',
1 verbose cli   'C:\\Users\\RabidRabbit\\AppData\\Roaming\\npm\\node_modules\\npm\\bin\\npm-cli.js',
1 verbose cli   'run-script',
1 verbose cli   'package' ]
2 info using npm@3.5.3
3 info using node@v4.2.3
4 verbose run-script [ 'prepackage', 'package', 'postpackage' ]
5 info lifecycle Sportimo@0.1.0~prepackage: Sportimo@0.1.0
6 silly lifecycle Sportimo@0.1.0~prepackage: no script for prepackage, continuing
7 info lifecycle Sportimo@0.1.0~package: Sportimo@0.1.0
8 verbose lifecycle Sportimo@0.1.0~package: unsafe-perm in lifecycle true
9 verbose lifecycle Sportimo@0.1.0~package: PATH: C:\Users\RabidRabbit\AppData\Roaming\npm\node_modules\npm\bin\node-gyp-bin;C:\Users\RabidRabbit\Documents\Projects\Clients\Web\Sportimo_v2.0\sportimo_dashboard\public\node_modules\.bin;C:\Users\RabidRabbit\AppData\Local\GitHub\PortableGit_c7e0cbde92ba565cb218a521411d0e854079a28c\cmd;C:\Users\RabidRabbit\AppData\Local\GitHub\PortableGit_c7e0cbde92ba565cb218a521411d0e854079a28c\usr\bin;C:\Users\RabidRabbit\AppData\Local\GitHub\PortableGit_c7e0cbde92ba565cb218a521411d0e854079a28c\usr\share\git-tfs;C:\Users\RabidRabbit\AppData\Local\Apps\2.0\DET9OLAC.CWG\X14ZM21C.MZ5\gith..tion_317444273a93ac29_0003.0000_20a3dfa4ba8ba894;C:\Users\RabidRabbit\AppData\Local\GitHub\lfs-amd64_1.1.0;C:\WINDOWS\Microsoft.NET\Framework\v4.0.30319;C:\Users\RabidRabbit\AppData\Local\Apps\2.0\DET9OLAC.CWG\X14ZM21C.MZ5\gith..tion_317444273a93ac29_0003.0000_20a3dfa4ba8ba894\NativeBinaries\x86;C:\ProgramData\Oracle\Java\javapath;C:\WINDOWS\system32;C:\WINDOWS;C:\WINDOWS\System32\Wbem;C:\WINDOWS\System32\WindowsPowerShell\v1.0\;C:\Program Files\nodejs\;C:\Program Files (x86)\Skype\Phone\;C:\Program Files (x86)\GtkSharp\2.12\bin;C:\Program Files (x86)\Heroku\bin;C:\Program Files (x86)\git\cmd;C:\Program Files (x86)\Brackets\command;C:\Program Files (x86)\NVIDIA Corporation\PhysX\Common;;C:\Program Files (x86)\Microsoft VS Code\bin;C:\Users\RabidRabbit\AppData\Roaming\npm
10 verbose lifecycle Sportimo@0.1.0~package: CWD: C:\Users\RabidRabbit\Documents\Projects\Clients\Web\Sportimo_v2.0\sportimo_dashboard\public
11 silly lifecycle Sportimo@0.1.0~package: Args: [ '/d /s /c',
11 silly lifecycle   'electron-packager ./ Sportimo --platform=win32 --arch=x64 --version=0.36.0 --out ./../../../ --icon ./app-icon.ico --overwrite' ]
12 silly lifecycle Sportimo@0.1.0~package: Returned: code: 1  signal: null
13 info lifecycle Sportimo@0.1.0~package: Failed to exec package script
14 verbose stack Error: Sportimo@0.1.0 package: `electron-packager ./ Sportimo --platform=win32 --arch=x64 --version=0.36.0 --out ./../../../ --icon ./app-icon.ico --overwrite`
14 verbose stack Exit status 1
14 verbose stack     at EventEmitter.<anonymous> (C:\Users\RabidRabbit\AppData\Roaming\npm\node_modules\npm\lib\utils\lifecycle.js:232:16)
14 verbose stack     at emitTwo (events.js:87:13)
14 verbose stack     at EventEmitter.emit (events.js:172:7)
14 verbose stack     at ChildProcess.<anonymous> (C:\Users\RabidRabbit\AppData\Roaming\npm\node_modules\npm\lib\utils\spawn.js:24:14)
14 verbose stack     at emitTwo (events.js:87:13)
14 verbose stack     at ChildProcess.emit (events.js:172:7)
14 verbose stack     at maybeClose (internal/child_process.js:818:16)
14 verbose stack     at Process.ChildProcess._handle.onexit (internal/child_process.js:211:5)
15 verbose pkgid Sportimo@0.1.0
16 verbose cwd C:\Users\RabidRabbit\Documents\Projects\Clients\Web\Sportimo_v2.0\sportimo_dashboard\public
17 error Windows_NT 10.0.10586
18 error argv "C:\\Program Files\\nodejs\\node.exe" "C:\\Users\\RabidRabbit\\AppData\\Roaming\\npm\\node_modules\\npm\\bin\\npm-cli.js" "run-script" "package"
19 error node v4.2.3
20 error npm  v3.5.3
21 error code ELIFECYCLE
22 error Sportimo@0.1.0 package: `electron-packager ./ Sportimo --platform=win32 --arch=x64 --version=0.36.0 --out ./../../../ --icon ./app-icon.ico --overwrite`
22 error Exit status 1
23 error Failed at the Sportimo@0.1.0 package script 'electron-packager ./ Sportimo --platform=win32 --arch=x64 --version=0.36.0 --out ./../../../ --icon ./app-icon.ico --overwrite'.
23 error Make sure you have the latest version of node.js and npm installed.
23 error If you do, this is most likely a problem with the Sportimo package,
23 error not with npm itself.
23 error Tell the author that this fails on your system:
23 error     electron-packager ./ Sportimo --platform=win32 --arch=x64 --version=0.36.0 --out ./../../../ --icon ./app-icon.ico --overwrite
23 error You can get information on how to open an issue for this project with:
23 error     npm bugs Sportimo
23 error Or if that isn't available, you can get their info via:
23 error     npm owner ls Sportimo
23 error There is likely additional logging output above.
24 verbose exit [ 1, true ]
